Build started...
10:12:21 **** Clean-only build of configuration Debug for project TC275_CAN ****
amk -j12 clean 
TASKING VX-toolset for AURIX Development Studio (non-commercial): program builder v1.1r8 Build 22011964
rm -rf ./Libraries/iLLD/TC27D/Tricore/_PinMap/IfxAsclin_PinMap.d ./Libraries/iLLD/TC27D/Tricore/_PinMap/IfxAsclin_PinMap.o ./Libraries/iLLD/TC27D/Tricore/_PinMap/IfxAsclin_PinMap.src ./Libraries/iLLD/TC27D/Tricore/_PinMap/IfxCcu6_PinMap.d ./Libraries/iLLD/TC27D/Tricore/_PinMap/IfxCcu6_PinMap.o ./Libraries/iLLD/TC27D/Tricore/_PinMap/IfxCcu6_PinMap.src ./Libraries/iLLD/TC27D/Tricore/_PinMap/IfxCif_PinMap.d ./Libraries/iLLD/TC27D/Tricore/_PinMap/IfxCif_PinMap.o ./Libraries/iLLD/TC27D/Tricore/_PinMap/IfxCif_PinMap.src ./Libraries/iLLD/TC27D/Tricore/_PinMap/IfxDsadc_PinMap.d ./Libraries/iLLD/TC27D/Tricore/_PinMap/IfxDsadc_PinMap.o ./Libraries/iLLD/TC27D/Tricore/_PinMap/IfxDsadc_PinMap.src ./Libraries/iLLD/TC27D/Tricore/_PinMap/IfxEray_PinMap.d ./Libraries/iLLD/TC27D/Tricore/_PinMap/IfxEray_PinMap.o ./Libraries/iLLD/TC27D/Tricore/_PinMap/IfxEray_PinMap.src ./Libraries/iLLD/TC27D/Tricore/_PinMap/IfxEth_PinMap.d ./Libraries/iLLD/TC27D/Tricore/_PinMap/IfxEth_PinMap.o ./Libraries/iLLD/TC27D/Tricore/_PinMap/IfxEth_PinMap.src ./Libraries/iLLD/TC27D/Tricore/_PinMap/IfxGpt12_PinMap.d ./Libraries/iLLD/TC27D/Tricore/_PinMap/IfxGpt12_PinMap.o ./Libraries/iLLD/TC27D/Tricore/_PinMap/IfxGpt12_PinMap.src ./Libraries/iLLD/TC27D/Tricore/_PinMap/IfxGtm_PinMap.d ./Libraries/iLLD/TC27D/Tricore/_PinMap/IfxGtm_PinMap.o ./Libraries/iLLD/TC27D/Tricore/_PinMap/IfxGtm_PinMap.src ./Libraries/iLLD/TC27D/Tricore/_PinMap/IfxI2c_PinMap.d ./Libraries/iLLD/TC27D/Tricore/_PinMap/IfxI2c_PinMap.o ./Libraries/iLLD/TC27D/Tricore/_PinMap/IfxI2c_PinMap.src ./Libraries/iLLD/TC27D/Tricore/_PinMap/IfxMsc_PinMap.d ./Libraries/iLLD/TC27D/Tricore/_PinMap/IfxMsc_PinMap.o ./Libraries/iLLD/TC27D/Tricore/_PinMap/IfxMsc_PinMap.src ./Libraries/iLLD/TC27D/Tricore/_PinMap/IfxMultican_PinMap.d ./Libraries/iLLD/TC27D/Tricore/_PinMap/IfxMultican_PinMap.o ./Libraries/iLLD/TC27D/Tricore/_PinMap/IfxMultican_PinMap.src ./Libraries/iLLD/TC27D/Tricore/_PinMap/IfxPort_PinMap.d ./Libraries/iLLD/TC27D/Tricore/_PinMap/IfxPort_PinMap.o ./Libraries/iLLD/TC27D/Tricore/_PinMap/IfxPort_PinMap.src ./Libraries/iLLD/TC27D/Tricore/_PinMap/IfxPsi5_PinMap.d ./Libraries/iLLD/TC27D/Tricore/_PinMap/IfxPsi5_PinMap.o ./Libraries/iLLD/TC27D/Tricore/_PinMap/IfxPsi5_PinMap.src ./Libraries/iLLD/TC27D/Tricore/_PinMap/IfxPsi5s_PinMap.d ./Libraries/iLLD/TC27D/Tricore/_PinMap/IfxPsi5s_PinMap.o ./Libraries/iLLD/TC27D/Tricore/_PinMap/IfxPsi5s_PinMap.src ./Libraries/iLLD/TC27D/Tricore/_PinMap/IfxQspi_PinMap.d ./Libraries/iLLD/TC27D/Tricore/_PinMap/IfxQspi_PinMap.o ./Libraries/iLLD/TC27D/Tricore/_PinMap/IfxQspi_PinMap.src ./Libraries/iLLD/TC27D/Tricore/_PinMap/IfxScu_PinMap.d ./Libraries/iLLD/TC27D/Tricore/_PinMap/IfxScu_PinMap.o ./Libraries/iLLD/TC27D/Tricore/_PinMap/IfxScu_PinMap.src ./Libraries/iLLD/TC27D/Tricore/_PinMap/IfxSent_PinMap.d ./Libraries/iLLD/TC27D/Tricore/_PinMap/IfxSent_PinMap.o ./Libraries/iLLD/TC27D/Tricore/_PinMap/IfxSent_PinMap.src ./Libraries/iLLD/TC27D/Tricore/_PinMap/IfxSmu_PinMap.d ./Libraries/iLLD/TC27D/Tricore/_PinMap/IfxSmu_PinMap.o ./Libraries/iLLD/TC27D/Tricore/_PinMap/IfxSmu_PinMap.src ./Libraries/iLLD/TC27D/Tricore/_PinMap/IfxVadc_PinMap.d ./Libraries/iLLD/TC27D/Tricore/_PinMap/IfxVadc_PinMap.o ./Libraries/iLLD/TC27D/Tricore/_PinMap/IfxVadc_PinMap.src
rm -rf ./Libraries/iLLD/TC27D/Tricore/_Lib/DataHandling/Ifx_CircularBuffer.asm.d ./Libraries/iLLD/TC27D/Tricore/_Lib/DataHandling/Ifx_CircularBuffer.asm.o ./Libraries/iLLD/TC27D/Tricore/_Lib/DataHandling/Ifx_CircularBuffer.asm.src ./Libraries/iLLD/TC27D/Tricore/_Lib/DataHandling/Ifx_CircularBuffer.d ./Libraries/iLLD/TC27D/Tricore/_Lib/DataHandling/Ifx_CircularBuffer.o ./Libraries/iLLD/TC27D/Tricore/_Lib/DataHandling/Ifx_CircularBuffer.src ./Libraries/iLLD/TC27D/Tricore/_Lib/DataHandling/Ifx_Fifo.d ./Libraries/iLLD/TC27D/Tricore/_Lib/DataHandling/Ifx_Fifo.o ./Libraries/iLLD/TC27D/Tricore/_Lib/DataHandling/Ifx_Fifo.src
rm -rf ./Libraries/iLLD/TC27D/Tricore/_Impl/IfxAsclin_cfg.d ./Libraries/iLLD/TC27D/Tricore/_Impl/IfxAsclin_cfg.o ./Libraries/iLLD/TC27D/Tricore/_Impl/IfxAsclin_cfg.src ./Libraries/iLLD/TC27D/Tricore/_Impl/IfxCcu6_cfg.d ./Libraries/iLLD/TC27D/Tricore/_Impl/IfxCcu6_cfg.o ./Libraries/iLLD/TC27D/Tricore/_Impl/IfxCcu6_cfg.src ./Libraries/iLLD/TC27D/Tricore/_Impl/IfxCif_cfg.d ./Libraries/iLLD/TC27D/Tricore/_Impl/IfxCif_cfg.o ./Libraries/iLLD/TC27D/Tricore/_Impl/IfxCif_cfg.src ./Libraries/iLLD/TC27D/Tricore/_Impl/IfxCpu_cfg.d ./Libraries/iLLD/TC27D/Tricore/_Impl/IfxCpu_cfg.o ./Libraries/iLLD/TC27D/Tricore/_Impl/IfxCpu_cfg.src ./Libraries/iLLD/TC27D/Tricore/_Impl/IfxDma_cfg.d ./Libraries/iLLD/TC27D/Tricore/_Impl/IfxDma_cfg.o ./Libraries/iLLD/TC27D/Tricore/_Impl/IfxDma_cfg.src ./Libraries/iLLD/TC27D/Tricore/_Impl/IfxEmem_cfg.d ./Libraries/iLLD/TC27D/Tricore/_Impl/IfxEmem_cfg.o ./Libraries/iLLD/TC27D/Tricore/_Impl/IfxEmem_cfg.src ./Libraries/iLLD/TC27D/Tricore/_Impl/IfxEray_cfg.d ./Libraries/iLLD/TC27D/Tricore/_Impl/IfxEray_cfg.o ./Libraries/iLLD/TC27D/Tricore/_Impl/IfxEray_cfg.src ./Libraries/iLLD/TC27D/Tricore/_Impl/IfxFlash_cfg.d ./Libraries/iLLD/TC27D/Tricore/_Impl/IfxFlash_cfg.o ./Libraries/iLLD/TC27D/Tricore/_Impl/IfxFlash_cfg.src ./Libraries/iLLD/TC27D/Tricore/_Impl/IfxGtm_cfg.d ./Libraries/iLLD/TC27D/Tricore/_Impl/IfxGtm_cfg.o ./Libraries/iLLD/TC27D/Tricore/_Impl/IfxGtm_cfg.src ./Libraries/iLLD/TC27D/Tricore/_Impl/IfxHssl_cfg.d ./Libraries/iLLD/TC27D/Tricore/_Impl/IfxHssl_cfg.o ./Libraries/iLLD/TC27D/Tricore/_Impl/IfxHssl_cfg.src ./Libraries/iLLD/TC27D/Tricore/_Impl/IfxI2c_cfg.d ./Libraries/iLLD/TC27D/Tricore/_Impl/IfxI2c_cfg.o ./Libraries/iLLD/TC27D/Tricore/_Impl/IfxI2c_cfg.src ./Libraries/iLLD/TC27D/Tricore/_Impl/IfxMsc_cfg.d ./Libraries/iLLD/TC27D/Tricore/_Impl/IfxMsc_cfg.o ./Libraries/iLLD/TC27D/Tricore/_Impl/IfxMsc_cfg.src ./Libraries/iLLD/TC27D/Tricore/_Impl/IfxMtu_cfg.d ./Libraries/iLLD/TC27D/Tricore/_Impl/IfxMtu_cfg.o ./Libraries/iLLD/TC27D/Tricore/_Impl/IfxMtu_cfg.src ./Libraries/iLLD/TC27D/Tricore/_Impl/IfxMultican_cfg.d ./Libraries/iLLD/TC27D/Tricore/_Impl/IfxMultican_cfg.o ./Libraries/iLLD/TC27D/Tricore/_Impl/IfxMultican_cfg.src ./Libraries/iLLD/TC27D/Tricore/_Impl/IfxPort_cfg.d ./Libraries/iLLD/TC27D/Tricore/_Impl/IfxPort_cfg.o ./Libraries/iLLD/TC27D/Tricore/_Impl/IfxPort_cfg.src ./Libraries/iLLD/TC27D/Tricore/_Impl/IfxPsi5_cfg.d ./Libraries/iLLD/TC27D/Tricore/_Impl/IfxPsi5_cfg.o ./Libraries/iLLD/TC27D/Tricore/_Impl/IfxPsi5_cfg.src ./Libraries/iLLD/TC27D/Tricore/_Impl/IfxQspi_cfg.d ./Libraries/iLLD/TC27D/Tricore/_Impl/IfxQspi_cfg.o ./Libraries/iLLD/TC27D/Tricore/_Impl/IfxQspi_cfg.src ./Libraries/iLLD/TC27D/Tricore/_Impl/IfxScu_cfg.d ./Libraries/iLLD/TC27D/Tricore/_Impl/IfxScu_cfg.o ./Libraries/iLLD/TC27D/Tricore/_Impl/IfxScu_cfg.src ./Libraries/iLLD/TC27D/Tricore/_Impl/IfxSent_cfg.d ./Libraries/iLLD/TC27D/Tricore/_Impl/IfxSent_cfg.o ./Libraries/iLLD/TC27D/Tricore/_Impl/IfxSent_cfg.src ./Libraries/iLLD/TC27D/Tricore/_Impl/IfxSmu_cfg.d ./Libraries/iLLD/TC27D/Tricore/_Impl/IfxSmu_cfg.o ./Libraries/iLLD/TC27D/Tricore/_Impl/IfxSmu_cfg.src ./Libraries/iLLD/TC27D/Tricore/_Impl/IfxSrc_cfg.d ./Libraries/iLLD/TC27D/Tricore/_Impl/IfxSrc_cfg.o ./Libraries/iLLD/TC27D/Tricore/_Impl/IfxSrc_cfg.src ./Libraries/iLLD/TC27D/Tricore/_Impl/IfxStm_cfg.d ./Libraries/iLLD/TC27D/Tricore/_Impl/IfxStm_cfg.o ./Libraries/iLLD/TC27D/Tricore/_Impl/IfxStm_cfg.src ./Libraries/iLLD/TC27D/Tricore/_Impl/IfxVadc_cfg.d ./Libraries/iLLD/TC27D/Tricore/_Impl/IfxVadc_cfg.o ./Libraries/iLLD/TC27D/Tricore/_Impl/IfxVadc_cfg.src
rm -rf ./Libraries/iLLD/TC27D/Tricore/Stm/Std/IfxStm.d ./Libraries/iLLD/TC27D/Tricore/Stm/Std/IfxStm.o ./Libraries/iLLD/TC27D/Tricore/Stm/Std/IfxStm.src
rm -rf ./Libraries/iLLD/TC27D/Tricore/Src/Std/IfxSrc.d ./Libraries/iLLD/TC27D/Tricore/Src/Std/IfxSrc.o ./Libraries/iLLD/TC27D/Tricore/Src/Std/IfxSrc.src
rm -rf ./Libraries/iLLD/TC27D/Tricore/Scu/Std/IfxScuCcu.d ./Libraries/iLLD/TC27D/Tricore/Scu/Std/IfxScuCcu.o ./Libraries/iLLD/TC27D/Tricore/Scu/Std/IfxScuCcu.src ./Libraries/iLLD/TC27D/Tricore/Scu/Std/IfxScuEru.d ./Libraries/iLLD/TC27D/Tricore/Scu/Std/IfxScuEru.o ./Libraries/iLLD/TC27D/Tricore/Scu/Std/IfxScuEru.src ./Libraries/iLLD/TC27D/Tricore/Scu/Std/IfxScuWdt.d ./Libraries/iLLD/TC27D/Tricore/Scu/Std/IfxScuWdt.o ./Libraries/iLLD/TC27D/Tricore/Scu/Std/IfxScuWdt.src
rm -rf ./Libraries/iLLD/TC27D/Tricore/Port/Std/IfxPort.d ./Libraries/iLLD/TC27D/Tricore/Port/Std/IfxPort.o ./Libraries/iLLD/TC27D/Tricore/Port/Std/IfxPort.src
rm -rf ./Libraries/iLLD/TC27D/Tricore/Multican/Std/IfxMultican.d ./Libraries/iLLD/TC27D/Tricore/Multican/Std/IfxMultican.o ./Libraries/iLLD/TC27D/Tricore/Multican/Std/IfxMultican.src
rm -rf ./Libraries/iLLD/TC27D/Tricore/Multican/Can/IfxMultican_Can.d ./Libraries/iLLD/TC27D/Tricore/Multican/Can/IfxMultican_Can.o ./Libraries/iLLD/TC27D/Tricore/Multican/Can/IfxMultican_Can.src
rm -rf ./Libraries/iLLD/TC27D/Tricore/Mtu/Std/IfxMtu.d ./Libraries/iLLD/TC27D/Tricore/Mtu/Std/IfxMtu.o ./Libraries/iLLD/TC27D/Tricore/Mtu/Std/IfxMtu.src
rm -rf ./Libraries/iLLD/TC27D/Tricore/Gtm/Tom/Pwm/IfxGtm_Tom_Pwm.d ./Libraries/iLLD/TC27D/Tricore/Gtm/Tom/Pwm/IfxGtm_Tom_Pwm.o ./Libraries/iLLD/TC27D/Tricore/Gtm/Tom/Pwm/IfxGtm_Tom_Pwm.src
rm -rf ./Libraries/iLLD/TC27D/Tricore/Gtm/Tim/In/IfxGtm_Tim_In.d ./Libraries/iLLD/TC27D/Tricore/Gtm/Tim/In/IfxGtm_Tim_In.o ./Libraries/iLLD/TC27D/Tricore/Gtm/Tim/In/IfxGtm_Tim_In.src
rm -rf ./Libraries/iLLD/TC27D/Tricore/Gtm/Std/IfxGtm.d ./Libraries/iLLD/TC27D/Tricore/Gtm/Std/IfxGtm.o ./Libraries/iLLD/TC27D/Tricore/Gtm/Std/IfxGtm.src ./Libraries/iLLD/TC27D/Tricore/Gtm/Std/IfxGtm_Atom.d ./Libraries/iLLD/TC27D/Tricore/Gtm/Std/IfxGtm_Atom.o ./Libraries/iLLD/TC27D/Tricore/Gtm/Std/IfxGtm_Atom.src ./Libraries/iLLD/TC27D/Tricore/Gtm/Std/IfxGtm_Cmu.d ./Libraries/iLLD/TC27D/Tricore/Gtm/Std/IfxGtm_Cmu.o ./Libraries/iLLD/TC27D/Tricore/Gtm/Std/IfxGtm_Cmu.src ./Libraries/iLLD/TC27D/Tricore/Gtm/Std/IfxGtm_Dpll.d ./Libraries/iLLD/TC27D/Tricore/Gtm/Std/IfxGtm_Dpll.o ./Libraries/iLLD/TC27D/Tricore/Gtm/Std/IfxGtm_Dpll.src ./Libraries/iLLD/TC27D/Tricore/Gtm/Std/IfxGtm_Tbu.d ./Libraries/iLLD/TC27D/Tricore/Gtm/Std/IfxGtm_Tbu.o ./Libraries/iLLD/TC27D/Tricore/Gtm/Std/IfxGtm_Tbu.src ./Libraries/iLLD/TC27D/Tricore/Gtm/Std/IfxGtm_Tim.d ./Libraries/iLLD/TC27D/Tricore/Gtm/Std/IfxGtm_Tim.o ./Libraries/iLLD/TC27D/Tricore/Gtm/Std/IfxGtm_Tim.src ./Libraries/iLLD/TC27D/Tricore/Gtm/Std/IfxGtm_Tom.d ./Libraries/iLLD/TC27D/Tricore/Gtm/Std/IfxGtm_Tom.o ./Libraries/iLLD/TC27D/Tricore/Gtm/Std/IfxGtm_Tom.src
rm -rf ./Libraries/iLLD/TC27D/Tricore/Cpu/Trap/IfxCpu_Trap.d ./Libraries/iLLD/TC27D/Tricore/Cpu/Trap/IfxCpu_Trap.o ./Libraries/iLLD/TC27D/Tricore/Cpu/Trap/IfxCpu_Trap.src
rm -rf ./Libraries/iLLD/TC27D/Tricore/Cpu/Std/IfxCpu.d ./Libraries/iLLD/TC27D/Tricore/Cpu/Std/IfxCpu.o ./Libraries/iLLD/TC27D/Tricore/Cpu/Std/IfxCpu.src
rm -rf ./Libraries/iLLD/TC27D/Tricore/Cpu/Irq/IfxCpu_Irq.d ./Libraries/iLLD/TC27D/Tricore/Cpu/Irq/IfxCpu_Irq.o ./Libraries/iLLD/TC27D/Tricore/Cpu/Irq/IfxCpu_Irq.src
rm -rf ./Libraries/iLLD/TC27D/Tricore/Cpu/CStart/IfxCpu_CStart0.d ./Libraries/iLLD/TC27D/Tricore/Cpu/CStart/IfxCpu_CStart0.o ./Libraries/iLLD/TC27D/Tricore/Cpu/CStart/IfxCpu_CStart0.src ./Libraries/iLLD/TC27D/Tricore/Cpu/CStart/IfxCpu_CStart1.d ./Libraries/iLLD/TC27D/Tricore/Cpu/CStart/IfxCpu_CStart1.o ./Libraries/iLLD/TC27D/Tricore/Cpu/CStart/IfxCpu_CStart1.src ./Libraries/iLLD/TC27D/Tricore/Cpu/CStart/IfxCpu_CStart2.d ./Libraries/iLLD/TC27D/Tricore/Cpu/CStart/IfxCpu_CStart2.o ./Libraries/iLLD/TC27D/Tricore/Cpu/CStart/IfxCpu_CStart2.src
rm -rf ./Libraries/iLLD/TC27D/Tricore/Asclin/Std/IfxAsclin.d ./Libraries/iLLD/TC27D/Tricore/Asclin/Std/IfxAsclin.o ./Libraries/iLLD/TC27D/Tricore/Asclin/Std/IfxAsclin.src
rm -rf ./Libraries/iLLD/TC27D/Tricore/Asclin/Asc/IfxAsclin_Asc.d ./Libraries/iLLD/TC27D/Tricore/Asclin/Asc/IfxAsclin_Asc.o ./Libraries/iLLD/TC27D/Tricore/Asclin/Asc/IfxAsclin_Asc.src
rm -rf ./Libraries/Service/CpuGeneric/SysSe/Comm/Ifx_Console.d ./Libraries/Service/CpuGeneric/SysSe/Comm/Ifx_Console.o ./Libraries/Service/CpuGeneric/SysSe/Comm/Ifx_Console.src ./Libraries/Service/CpuGeneric/SysSe/Comm/Ifx_Shell.d ./Libraries/Service/CpuGeneric/SysSe/Comm/Ifx_Shell.o ./Libraries/Service/CpuGeneric/SysSe/Comm/Ifx_Shell.src
rm -rf ./Libraries/Service/CpuGeneric/StdIf/IfxStdIf_DPipe.d ./Libraries/Service/CpuGeneric/StdIf/IfxStdIf_DPipe.o ./Libraries/Service/CpuGeneric/StdIf/IfxStdIf_DPipe.src ./Libraries/Service/CpuGeneric/StdIf/IfxStdIf_Pos.d ./Libraries/Service/CpuGeneric/StdIf/IfxStdIf_Pos.o ./Libraries/Service/CpuGeneric/StdIf/IfxStdIf_Pos.src ./Libraries/Service/CpuGeneric/StdIf/IfxStdIf_PwmHl.d ./Libraries/Service/CpuGeneric/StdIf/IfxStdIf_PwmHl.o ./Libraries/Service/CpuGeneric/StdIf/IfxStdIf_PwmHl.src ./Libraries/Service/CpuGeneric/StdIf/IfxStdIf_Timer.d ./Libraries/Service/CpuGeneric/StdIf/IfxStdIf_Timer.o ./Libraries/Service/CpuGeneric/StdIf/IfxStdIf_Timer.src
rm -rf ./Libraries/Infra/Platform/Tricore/Compilers/CompilerDcc.d ./Libraries/Infra/Platform/Tricore/Compilers/CompilerDcc.o ./Libraries/Infra/Platform/Tricore/Compilers/CompilerDcc.src ./Libraries/Infra/Platform/Tricore/Compilers/CompilerGhs.d ./Libraries/Infra/Platform/Tricore/Compilers/CompilerGhs.o ./Libraries/Infra/Platform/Tricore/Compilers/CompilerGhs.src ./Libraries/Infra/Platform/Tricore/Compilers/CompilerGnuc.d ./Libraries/Infra/Platform/Tricore/Compilers/CompilerGnuc.o ./Libraries/Infra/Platform/Tricore/Compilers/CompilerGnuc.src ./Libraries/Infra/Platform/Tricore/Compilers/CompilerTasking.d ./Libraries/Infra/Platform/Tricore/Compilers/CompilerTasking.o ./Libraries/Infra/Platform/Tricore/Compilers/CompilerTasking.src
rm -rf ./Configurations/Debug/sync_on_halt.d ./Configurations/Debug/sync_on_halt.o ./Configurations/Debug/sync_on_halt.src
rm -rf ./ASCLIN_Shell_UART.d ./ASCLIN_Shell_UART.o ./ASCLIN_Shell_UART.src ./Can.d ./Can.o ./Can.src ./Cpu0_Main.d ./Cpu0_Main.o ./Cpu0_Main.src ./Cpu1_Main.d ./Cpu1_Main.o ./Cpu1_Main.src ./Cpu2_Main.d ./Cpu2_Main.o ./Cpu2_Main.src ./Driver_Stm.d ./Driver_Stm.o ./Driver_Stm.src ./HcSr04.d ./HcSr04.o ./HcSr04.src ./Motor_Driver.d ./Motor_Driver.o ./Motor_Driver.src ./My_Itoa.d ./My_Itoa.o ./My_Itoa.src
rm -rf TC275_CAN.siz TC275_CAN.elf
 
10:12:23 **** Build of configuration Debug for project TC275_CAN ****
amk -j12 all 
TASKING VX-toolset for AURIX Development Studio (non-commercial): program builder v1.1r8 Build 22011964
amk F126: [".metadata/.plugins/org.eclipse.cdt.make.core/subdir.mk" 31/0] duplicate action for ".metadata/.plugins/org.eclipse.cdt.make.core/specs.src"
"amk -j12 all" terminated with exit code 2. Build might be incomplete.
Build started...
10:14:36 **** Incremental Build of configuration Debug for project TC275_CAN ****
amk -j12 all 
TASKING VX-toolset for AURIX Development Studio (non-commercial): program builder v1.1r8 Build 22011964
amk F126: [".metadata/.plugins/org.eclipse.cdt.make.core/subdir.mk" 31/0] duplicate action for ".metadata/.plugins/org.eclipse.cdt.make.core/specs.src"
"amk -j12 all" terminated with exit code 2. Build might be incomplete.
Build started...
10:14:49 **** Incremental Build of configuration Debug for project TC275_CAN ****
amk -j12 all 
TASKING VX-toolset for AURIX Development Studio (non-commercial): program builder v1.1r8 Build 22011964
amk F126: [".metadata/.plugins/org.eclipse.cdt.make.core/subdir.mk" 31/0] duplicate action for ".metadata/.plugins/org.eclipse.cdt.make.core/specs.src"
"amk -j12 all" terminated with exit code 2. Build might be incomplete.
Build started...
10:15:21 **** Incremental Build of configuration Debug for project TC275_CAN ****
amk -j12 all 
TASKING VX-toolset for AURIX Development Studio (non-commercial): program builder v1.1r8 Build 22011964
amk F126: [".metadata/.plugins/org.eclipse.cdt.make.core/subdir.mk" 31/0] duplicate action for ".metadata/.plugins/org.eclipse.cdt.make.core/specs.src"
"amk -j12 all" terminated with exit code 2. Build might be incomplete.
Build started...
10:16:14 **** Incremental Build of configuration Debug for project TC275_CAN ****
amk -j12 all 
TASKING VX-toolset for AURIX Development Studio (non-commercial): program builder v1.1r8 Build 22011964
amk F126: [".metadata/.plugins/org.eclipse.cdt.make.core/subdir.mk" 31/0] duplicate action for ".metadata/.plugins/org.eclipse.cdt.make.core/specs.src"
"amk -j12 all" terminated with exit code 2. Build might be incomplete.
Build started...
10:16:16 **** Incremental Build of configuration Debug for project TC275_CAN ****
amk -j12 all 
TASKING VX-toolset for AURIX Development Studio (non-commercial): program builder v1.1r8 Build 22011964
amk F126: [".metadata/.plugins/org.eclipse.cdt.make.core/subdir.mk" 31/0] duplicate action for ".metadata/.plugins/org.eclipse.cdt.make.core/specs.src"
"amk -j12 all" terminated with exit code 2. Build might be incomplete.
Build started...
10:17:09 **** Incremental Build of configuration Debug for project TC275_CAN ****
amk -j12 all 
TASKING VX-toolset for AURIX Development Studio (non-commercial): program builder v1.1r8 Build 22011964
amk F126: [".metadata/.plugins/org.eclipse.cdt.make.core/subdir.mk" 31/0] duplicate action for ".metadata/.plugins/org.eclipse.cdt.make.core/specs.src"
"amk -j12 all" terminated with exit code 2. Build might be incomplete.
Build started...
10:18:51 **** Incremental Build of configuration Debug for project TC275_CAN ****
amk -j12 all 
TASKING VX-toolset for AURIX Development Studio (non-commercial): program builder v1.1r8 Build 22011964
amk F126: [".metadata/.plugins/org.eclipse.cdt.make.core/subdir.mk" 31/0] duplicate action for ".metadata/.plugins/org.eclipse.cdt.make.core/specs.src"
"amk -j12 all" terminated with exit code 2. Build might be incomplete.
Build started...
10:19:34 **** Incremental Build of configuration Release for project TC275_CAN ****
amk -j12 all 
TASKING VX-toolset for AURIX Development Studio (non-commercial): program builder v1.1r8 Build 22011964
amk F126: [".metadata/.plugins/org.eclipse.cdt.make.core/subdir.mk" 31/0] duplicate action for ".metadata/.plugins/org.eclipse.cdt.make.core/specs.src"
"amk -j12 all" terminated with exit code 2. Build might be incomplete.
Build started...
10:19:37 **** Incremental Build of configuration Release for project TC275_CAN ****
amk -j12 all 
TASKING VX-toolset for AURIX Development Studio (non-commercial): program builder v1.1r8 Build 22011964
amk F126: [".metadata/.plugins/org.eclipse.cdt.make.core/subdir.mk" 31/0] duplicate action for ".metadata/.plugins/org.eclipse.cdt.make.core/specs.src"
"amk -j12 all" terminated with exit code 2. Build might be incomplete.
10:19:47 **** Clean-only build of configuration Release for project TC275_CAN ****
amk -j12 clean 
TASKING VX-toolset for AURIX Development Studio (non-commercial): program builder v1.1r8 Build 22011964
amk F126: [".metadata/.plugins/org.eclipse.cdt.make.core/subdir.mk" 31/0] duplicate action for ".metadata/.plugins/org.eclipse.cdt.make.core/specs.src"
"amk -j12 clean" terminated with exit code 2. Build might be incomplete.
Build started...
10:20:24 **** Build of configuration Debug for project TC275_CAN ****
amk -j12 all 
TASKING VX-toolset for AURIX Development Studio (non-commercial): program builder v1.1r8 Build 22011964
amk F126: [".metadata/.plugins/org.eclipse.cdt.make.core/subdir.mk" 31/0] duplicate action for ".metadata/.plugins/org.eclipse.cdt.make.core/specs.src"
"amk -j12 all" terminated with exit code 2. Build might be incomplete.
Build started...
10:23:02 **** Incremental Build of configuration Debug for project TC275_CAN ****
amk -j12 all 
TASKING VX-toolset for AURIX Development Studio (non-commercial): program builder v1.1r8 Build 22011964
amk F126: [".metadata/.plugins/org.eclipse.cdt.make.core/subdir.mk" 31/0] duplicate action for ".metadata/.plugins/org.eclipse.cdt.make.core/specs.src"
"amk -j12 all" terminated with exit code 2. Build might be incomplete.
Build started...
10:26:20 **** Incremental Build of configuration Debug for project TC275_CAN ****
amk -j12 all 
TASKING VX-toolset for AURIX Development Studio (non-commercial): program builder v1.1r8 Build 22011964
amk F126: [".metadata/.plugins/org.eclipse.cdt.make.core/subdir.mk" 31/0] duplicate action for ".metadata/.plugins/org.eclipse.cdt.make.core/specs.src"
"amk -j12 all" terminated with exit code 2. Build might be incomplete.
